Executing: program /usr/bin/ssh host 82.29.190.13, user somniac, command sftp
OpenSSH_9.6p1 Ubuntu-3ubuntu13.11, OpenSSL 3.0.13 30 Jan 2024
debug1: Reading configuration data /etc/ssh/ssh_config
debug1: /etc/ssh/ssh_config line 19: include /etc/ssh/ssh_config.d/*.conf matched no files
debug1: /etc/ssh/ssh_config line 21: Applying options for *
debug1: Connecting to 82.29.190.13 [82.29.190.13] port 22.
debug1: Connection established.
debug1: identity file /home/somniac/.ssh/id_rsa type -1
debug1: identity file /home/somniac/.ssh/id_rsa-cert type -1
debug1: identity file /home/somniac/.ssh/id_ecdsa type -1
debug1: identity file /home/somniac/.ssh/id_ecdsa-cert type -1
debug1: identity file /home/somniac/.ssh/id_ecdsa_sk type -1
debug1: identity file /home/somniac/.ssh/id_ecdsa_sk-cert type -1
debug1: identity file /home/somniac/.ssh/id_ed25519 type 3
debug1: identity file /home/somniac/.ssh/id_ed25519-cert type -1
debug1: identity file /home/somniac/.ssh/id_ed25519_sk type -1
debug1: identity file /home/somniac/.ssh/id_ed25519_sk-cert type -1
debug1: identity file /home/somniac/.ssh/id_xmss type -1
debug1: identity file /home/somniac/.ssh/id_xmss-cert type -1
debug1: identity file /home/somniac/.ssh/id_dsa type -1
debug1: identity file /home/somniac/.ssh/id_dsa-cert type -1
debug1: Local version string SSH-2.0-OpenSSH_9.6p1 Ubuntu-3ubuntu13.11
debug1: Remote protocol version 2.0, remote software version OpenSSH_9.6p1 Ubuntu-3ubuntu13.11
debug1: compat_banner: match: OpenSSH_9.6p1 Ubuntu-3ubuntu13.11 pat OpenSSH* compat 0x04000000
debug1: Authenticating to 82.29.190.13:22 as 'somniac'
debug1: load_hostkeys: fopen /home/somniac/.ssh/known_hosts2: No such file or directory
debug1: load_hostkeys: fopen /etc/ssh/ssh_known_hosts: No such file or directory
debug1: load_hostkeys: fopen /etc/ssh/ssh_known_hosts2: No such file or directory
debug1: SSH2_MSG_KEXINIT sent
debug1: SSH2_MSG_KEXINIT received
debug1: kex: algorithm: sntrup761x25519-sha512@openssh.com
debug1: kex: host key algorithm: ssh-ed25519
debug1: kex: server->client cipher: chacha20-poly1305@openssh.com MAC: <implicit> compression: none
debug1: kex: client->server cipher: chacha20-poly1305@openssh.com MAC: <implicit> compression: none
debug1: expecting SSH2_MSG_KEX_ECDH_REPLY
debug1: SSH2_MSG_KEX_ECDH_REPLY received
debug1: Server host key: ssh-ed25519 SHA256:YGJYeB/8ucki6+spCU0c+iGv0TDFYjhPKewft2xJVho
debug1: load_hostkeys: fopen /home/somniac/.ssh/known_hosts2: No such file or directory
debug1: load_hostkeys: fopen /etc/ssh/ssh_known_hosts: No such file or directory
debug1: load_hostkeys: fopen /etc/ssh/ssh_known_hosts2: No such file or directory
debug1: Host '82.29.190.13' is known and matches the ED25519 host key.
debug1: Found key in /home/somniac/.ssh/known_hosts:1
debug1: ssh_packet_send2_wrapped: resetting send seqnr 3
debug1: rekey out after 134217728 blocks
debug1: SSH2_MSG_NEWKEYS sent
debug1: Sending SSH2_MSG_EXT_INFO
debug1: expecting SSH2_MSG_NEWKEYS
debug1: ssh_packet_read_poll2: resetting read seqnr 3
debug1: SSH2_MSG_NEWKEYS received
debug1: rekey in after 134217728 blocks
debug1: SSH2_MSG_EXT_INFO received
debug1: kex_ext_info_client_parse: server-sig-algs=<ssh-ed25519,ecdsa-sha2-nistp256,ecdsa-sha2-nistp384,ecdsa-sha2-nistp521,sk-ssh-ed25519@openssh.com,sk-ecdsa-sha2-nistp256@openssh.com,rsa-sha2-512,rsa-sha2-256>
debug1: kex_ext_info_check_ver: publickey-hostbound@openssh.com=<0>
debug1: kex_ext_info_check_ver: ping@openssh.com=<0>
debug1: SSH2_MSG_SERVICE_ACCEPT received
debug1: SSH2_MSG_EXT_INFO received
debug1: kex_ext_info_client_parse: server-sig-algs=<ssh-ed25519,ecdsa-sha2-nistp256,ecdsa-sha2-nistp384,ecdsa-sha2-nistp521,sk-ssh-ed25519@openssh.com,sk-ecdsa-sha2-nistp256@openssh.com,rsa-sha2-512,rsa-sha2-256>
debug1: Authentications that can continue: publickey,password
debug1: Next authentication method: publickey
debug1: get_agent_identities: bound agent to hostkey
debug1: get_agent_identities: agent returned 1 keys
debug1: Will attempt key: somniac@MSI ED25519 SHA256:QAScwV7jp0VETeybUanyS5EuUNRQHmAuP0rE/LxJfQc agent
debug1: Will attempt key: /home/somniac/.ssh/id_rsa 
debug1: Will attempt key: /home/somniac/.ssh/id_ecdsa 
debug1: Will attempt key: /home/somniac/.ssh/id_ecdsa_sk 
debug1: Will attempt key: /home/somniac/.ssh/id_ed25519 ED25519 SHA256:gnFiAnvCETMbe1ljdG07TG0TcvT1IQ99uuy2PKg5OUA
debug1: Will attempt key: /home/somniac/.ssh/id_ed25519_sk 
debug1: Will attempt key: /home/somniac/.ssh/id_xmss 
debug1: Will attempt key: /home/somniac/.ssh/id_dsa 
debug1: Offering public key: somniac@MSI ED25519 SHA256:QAScwV7jp0VETeybUanyS5EuUNRQHmAuP0rE/LxJfQc agent
debug1: Server accepts key: somniac@MSI ED25519 SHA256:QAScwV7jp0VETeybUanyS5EuUNRQHmAuP0rE/LxJfQc agent
Authenticated to 82.29.190.13 ([82.29.190.13]:22) using "publickey".
debug1: channel 0: new session [client-session] (inactive timeout: 0)
debug1: Requesting no-more-sessions@openssh.com
debug1: Entering interactive session.
debug1: pledge: filesystem
debug1: client_input_global_request: rtype hostkeys-00@openssh.com want_reply 0
debug1: client_input_hostkeys: searching /home/somniac/.ssh/known_hosts for 82.29.190.13 / (none)
debug1: client_input_hostkeys: searching /home/somniac/.ssh/known_hosts2 for 82.29.190.13 / (none)
debug1: client_input_hostkeys: hostkeys file /home/somniac/.ssh/known_hosts2 does not exist
debug1: client_input_hostkeys: no new or deprecated keys from server
debug1: Remote: /home/somniac/.ssh/authorized_keys:2: key options: agent-forwarding port-forwarding pty user-rc x11-forwarding
debug1: Remote: /home/somniac/.ssh/authorized_keys:2: key options: agent-forwarding port-forwarding pty user-rc x11-forwarding
debug1: Sending environment.
debug1: channel 0: setting env LANG = "C.UTF-8"
debug1: Sending subsystem: sftp
debug1: pledge: fork
scp: debug1: truncating at 6
scp: debug1: truncating at 45
scp: debug1: truncating at 10458
scp: debug1: truncating at 41
scp: debug1: truncating at 147
scp: debug1: truncating at 2892
scp: debug1: truncating at 0
scp: debug1: truncating at 503
scp: debug1: truncating at 995
scp: debug1: truncating at 88
scp: debug1: truncating at 417
scp: debug1: truncating at 99
scp: debug1: truncating at 0
scp: debug1: truncating at 148
scp: debug1: truncating at 942
scp: debug1: truncating at 391
scp: debug1: truncating at 388
scp: debug1: truncating at 595
scp: debug1: truncating at 199
scp: debug1: truncating at 702
scp: debug1: truncating at 87
debug1: client_input_channel_req: channel 0 rtype exit-status reply 0
debug1: channel 0: free: client-session, nchannels 1
Transferred: sent 29344, received 9428 bytes, in 1.9 seconds
Bytes per second: sent 15785.6, received 5071.8
debug1: Exit status 0
